grablinksfrombed	
BED	/mnt/sequence/jurban/bcop_v2_paper/hic/analyses/Bcop_v2/XO/q0/rerun-20240122/conserved_fly_genes/indiv/fungi/input/01-CYP53A57_2197.LOC119072435_2186.dist_3227712-fungi.bed
BEDPE	/mnt/sequence/jurban/bcop_v2_paper/hic/analyses/Bcop_v2/XO/q0/rerun-20240122/XO-phasemap-q0.sameChr.bedpe
BINSIZE	100000
WINDOWS	windows-w100000-around-01-CYP53A57_2197.LOC119072435_2186.dist_3227712-fungi.bed
CHR	IV
OSTART	31638793
OEND	31640979
BEDBASE	01-CYP53A57_2197.LOC119072435_2186.dist_3227712-fungi
BEDPEBASE	XO-phasemap-q0.sameChr
OUTPRE	01-CYP53A57_2197.LOC119072435_2186.dist_3227712-fungi_XO-phasemap-q0.sameChr
PSEUDOCOUNT	1

grablinks	
CHR	IV
A	31638793
B	31640979
BEDPE	/mnt/sequence/jurban/bcop_v2_paper/hic/analyses/Bcop_v2/XO/q0/rerun-20240122/XO-phasemap-q0.sameChr.bedpe

get_count_dist_v3	
F	01-CYP53A57_2197.LOC119072435_2186.dist_3227712-fungi_XO-phasemap-q0.sameChr.bedpe
F2	/mnt/sequence/jurban/bcop_v2_paper/hic/analyses/Bcop_v2/XO/q0/rerun-20240122/conserved_fly_genes/indiv/fungi/input/01-CYP53A57_2197.LOC119072435_2186.dist_3227712-fungi.bed
WINDOWS	windows-w100000-around-01-CYP53A57_2197.LOC119072435_2186.dist_3227712-fungi.bed
G	/mnt/sequence/jurban/base/data/sciara/phase/Bcop_v2.0/Bcop_v2.0_pkg/Bcop_v2.0.fasta.genome
PSEUDOCOUNT	1
TARGETLEN	2186
TAGNAME	RP10KB
SCALE	10000

