grablinksfrombed	
BED	/mnt/sequence/jurban/bcop_v2_paper/hic/analyses/Bcop_v2/XO/q0/rerun-20240122/conserved_fly_genes/indiv/mites/input/06-CYP4716A1_1798.LOC119081959_1804.dist_3086124-mites.bed
BEDPE	/mnt/sequence/jurban/bcop_v2_paper/hic/analyses/Bcop_v2/XO/q0/rerun-20240122/XO-phasemap-q0.sameChr.bedpe
BINSIZE	100000
WINDOWS	windows-w100000-around-06-CYP4716A1_1798.LOC119081959_1804.dist_3086124-mites.bed
CHR	IV
OSTART	42601765
OEND	42603569
BEDBASE	06-CYP4716A1_1798.LOC119081959_1804.dist_3086124-mites
BEDPEBASE	XO-phasemap-q0.sameChr
OUTPRE	06-CYP4716A1_1798.LOC119081959_1804.dist_3086124-mites_XO-phasemap-q0.sameChr
PSEUDOCOUNT	1

grablinks	
CHR	IV
A	42601765
B	42603569
BEDPE	/mnt/sequence/jurban/bcop_v2_paper/hic/analyses/Bcop_v2/XO/q0/rerun-20240122/XO-phasemap-q0.sameChr.bedpe

get_count_dist_v3	
F	06-CYP4716A1_1798.LOC119081959_1804.dist_3086124-mites_XO-phasemap-q0.sameChr.bedpe
F2	/mnt/sequence/jurban/bcop_v2_paper/hic/analyses/Bcop_v2/XO/q0/rerun-20240122/conserved_fly_genes/indiv/mites/input/06-CYP4716A1_1798.LOC119081959_1804.dist_3086124-mites.bed
WINDOWS	windows-w100000-around-06-CYP4716A1_1798.LOC119081959_1804.dist_3086124-mites.bed
G	/mnt/sequence/jurban/base/data/sciara/phase/Bcop_v2.0/Bcop_v2.0_pkg/Bcop_v2.0.fasta.genome
PSEUDOCOUNT	1
TARGETLEN	1804
TAGNAME	RP10KB
SCALE	10000

