... moving into 01-CYP3718B1-springtails dir.
01-CYP3718B1-springtails 10000
... moving into 10000 dir.
... moving back to sub-main dir.
01-CYP3718B1-springtails 1000000
... moving into 1000000 dir.
... moving back to sub-main dir.
... moving into 02-CYP3710C1-springtails dir.
02-CYP3710C1-springtails 10000
... moving into 10000 dir.
... moving back to sub-main dir.
02-CYP3710C1-springtails 1000000
... moving into 1000000 dir.
... moving back to sub-main dir.
... moving into 03-CYP3828A1-springtails dir.
03-CYP3828A1-springtails 10000
... moving into 10000 dir.
... moving back to sub-main dir.
03-CYP3828A1-springtails 1000000
... moving into 1000000 dir.
... moving back to sub-main dir.
... moving into 04-CYP3356A1-springtails dir.
04-CYP3356A1-springtails 10000
... moving into 10000 dir.
... moving back to sub-main dir.
04-CYP3356A1-springtails 1000000
... moving into 1000000 dir.
... moving back to sub-main dir.
... moving into 05-CYP4724A1-springtails dir.
05-CYP4724A1-springtails 10000
... moving into 10000 dir.
... moving back to sub-main dir.
05-CYP4724A1-springtails 1000000
... moving into 1000000 dir.
... moving back to sub-main dir.
... moving into 06-CYP4721A4-springtails dir.
06-CYP4721A4-springtails 10000
... moving into 10000 dir.
... moving back to sub-main dir.
06-CYP4721A4-springtails 1000000
... moving into 1000000 dir.
... moving back to sub-main dir.
... moving into 07-CYP3715C1-springtails dir.
07-CYP3715C1-springtails 10000
... moving into 10000 dir.
... moving back to sub-main dir.
07-CYP3715C1-springtails 1000000
... moving into 1000000 dir.
... moving back to sub-main dir.
... moving into 08-CYP4722A1-springtails dir.
08-CYP4722A1-springtails 10000
... moving into 10000 dir.
... moving back to sub-main dir.
08-CYP4722A1-springtails 1000000
... moving into 1000000 dir.
... moving back to sub-main dir.
... moving into 09-CYP4717A1P-springtails dir.
09-CYP4717A1P-springtails 10000
... moving into 10000 dir.
... moving back to sub-main dir.
09-CYP4717A1P-springtails 1000000
... moving into 1000000 dir.
... moving back to sub-main dir.
... moving into 10-CYP3710B2-springtails dir.
10-CYP3710B2-springtails 10000
... moving into 10000 dir.
... moving back to sub-main dir.
10-CYP3710B2-springtails 1000000
... moving into 1000000 dir.
... moving back to sub-main dir.
... moving into 11-CYP3710B1-springtails dir.
11-CYP3710B1-springtails 10000
... moving into 10000 dir.
... moving back to sub-main dir.
11-CYP3710B1-springtails 1000000
... moving into 1000000 dir.
... moving back to sub-main dir.
... moving into 12-CYP4721A1-springtails dir.
12-CYP4721A1-springtails 10000
... moving into 10000 dir.
... moving back to sub-main dir.
12-CYP4721A1-springtails 1000000
... moving into 1000000 dir.
... moving back to sub-main dir.
... moving into 13-CYP4721A2-springtails dir.
13-CYP4721A2-springtails 10000
... moving into 10000 dir.
... moving back to sub-main dir.
13-CYP4721A2-springtails 1000000
... moving into 1000000 dir.
... moving back to sub-main dir.
... moving into 14-CYP3717A4-springtails dir.
14-CYP3717A4-springtails 10000
... moving into 10000 dir.
... moving back to sub-main dir.
14-CYP3717A4-springtails 1000000
... moving into 1000000 dir.
... moving back to sub-main dir.
... moving into 15-CYP3709C1-springtails dir.
15-CYP3709C1-springtails 10000
... moving into 10000 dir.
... moving back to sub-main dir.
15-CYP3709C1-springtails 1000000
... moving into 1000000 dir.
... moving back to sub-main dir.
... moving into 16-CYP3710B3-springtails dir.
16-CYP3710B3-springtails 10000
... moving into 10000 dir.
... moving back to sub-main dir.
16-CYP3710B3-springtails 1000000
... moving into 1000000 dir.
... moving back to sub-main dir.
... moving into 17-CYP4721A3-springtails dir.
17-CYP4721A3-springtails 10000
... moving into 10000 dir.
... moving back to sub-main dir.
17-CYP4721A3-springtails 1000000
... moving into 1000000 dir.
... moving back to sub-main dir.
