grablinksfrombed	
BED	/mnt/sequence/jurban/bcop_v2_paper/hic/analyses/Bcop_v2/XO/q0/rerun-20240122/conserved_fly_genes/indiv/springtails/input/16-CYP3710B3_4238.LOC119086071_4259.dist_9676529-springtails.bed
BEDPE	/mnt/sequence/jurban/bcop_v2_paper/hic/analyses/Bcop_v2/XO/q0/rerun-20240122/XO-phasemap-q0.sameChr.bedpe
BINSIZE	100000
WINDOWS	windows-w100000-around-16-CYP3710B3_4238.LOC119086071_4259.dist_9676529-springtails.bed
CHR	IV
OSTART	76662996
OEND	76667255
BEDBASE	16-CYP3710B3_4238.LOC119086071_4259.dist_9676529-springtails
BEDPEBASE	XO-phasemap-q0.sameChr
OUTPRE	16-CYP3710B3_4238.LOC119086071_4259.dist_9676529-springtails_XO-phasemap-q0.sameChr
PSEUDOCOUNT	1

grablinks	
CHR	IV
A	76662996
B	76667255
BEDPE	/mnt/sequence/jurban/bcop_v2_paper/hic/analyses/Bcop_v2/XO/q0/rerun-20240122/XO-phasemap-q0.sameChr.bedpe

get_count_dist_v3	
F	16-CYP3710B3_4238.LOC119086071_4259.dist_9676529-springtails_XO-phasemap-q0.sameChr.bedpe
F2	/mnt/sequence/jurban/bcop_v2_paper/hic/analyses/Bcop_v2/XO/q0/rerun-20240122/conserved_fly_genes/indiv/springtails/input/16-CYP3710B3_4238.LOC119086071_4259.dist_9676529-springtails.bed
WINDOWS	windows-w100000-around-16-CYP3710B3_4238.LOC119086071_4259.dist_9676529-springtails.bed
G	/mnt/sequence/jurban/base/data/sciara/phase/Bcop_v2.0/Bcop_v2.0_pkg/Bcop_v2.0.fasta.genome
PSEUDOCOUNT	1
TARGETLEN	4259
TAGNAME	RP10KB
SCALE	10000

