grablinksfrombed	
BED	/mnt/sequence/jurban/bcop_v2_paper/hic/analyses/Bcop_v2/XO/q0/rerun-20240122/conserved_fly_genes/indiv/mites/input/01-CYP4716A5_1802.LOC119074280_1789.dist_265551-mites.bed
BEDPE	/mnt/sequence/jurban/bcop_v2_paper/hic/analyses/Bcop_v2/XO/q0/rerun-20240122/XO-phasemap-q0.sameChr.bedpe
BINSIZE	100000
WINDOWS	windows-w100000-around-01-CYP4716A5_1802.LOC119074280_1789.dist_265551-mites.bed
CHR	II
OSTART	14152459
OEND	14154248
BEDBASE	01-CYP4716A5_1802.LOC119074280_1789.dist_265551-mites
BEDPEBASE	XO-phasemap-q0.sameChr
OUTPRE	01-CYP4716A5_1802.LOC119074280_1789.dist_265551-mites_XO-phasemap-q0.sameChr
PSEUDOCOUNT	1

grablinks	
CHR	II
A	14152459
B	14154248
BEDPE	/mnt/sequence/jurban/bcop_v2_paper/hic/analyses/Bcop_v2/XO/q0/rerun-20240122/XO-phasemap-q0.sameChr.bedpe

get_count_dist_v3	
F	01-CYP4716A5_1802.LOC119074280_1789.dist_265551-mites_XO-phasemap-q0.sameChr.bedpe
F2	/mnt/sequence/jurban/bcop_v2_paper/hic/analyses/Bcop_v2/XO/q0/rerun-20240122/conserved_fly_genes/indiv/mites/input/01-CYP4716A5_1802.LOC119074280_1789.dist_265551-mites.bed
WINDOWS	windows-w100000-around-01-CYP4716A5_1802.LOC119074280_1789.dist_265551-mites.bed
G	/mnt/sequence/jurban/base/data/sciara/phase/Bcop_v2.0/Bcop_v2.0_pkg/Bcop_v2.0.fasta.genome
PSEUDOCOUNT	1
TARGETLEN	1789
TAGNAME	RP10KB
SCALE	10000

