grablinksfrombed	
BED	/mnt/sequence/jurban/bcop_v2_paper/hic/analyses/Bcop_v2/XO/q0/rerun-20240122/BcTPS-support/indiv/input/final-BcTPS-models.BcTPS-3.bed
BEDPE	/mnt/sequence/jurban/bcop_v2_paper/hic/analyses/Bcop_v2/XO/q0/rerun-20240122/XO-phasemap-q0.sameChr.bedpe
BINSIZE	10000
WINDOWS	windows-w10000-around-final-BcTPS-models.BcTPS-3.bed
CHR	II
OSTART	28208446
OEND	28209718
BEDBASE	final-BcTPS-models.BcTPS-3
BEDPEBASE	XO-phasemap-q0.sameChr
OUTPRE	final-BcTPS-models.BcTPS-3_XO-phasemap-q0.sameChr
PSEUDOCOUNT	1

grablinks	
CHR	II
A	28208446
B	28209718
BEDPE	/mnt/sequence/jurban/bcop_v2_paper/hic/analyses/Bcop_v2/XO/q0/rerun-20240122/XO-phasemap-q0.sameChr.bedpe

get_count_dist_v2	
F	final-BcTPS-models.BcTPS-3_XO-phasemap-q0.sameChr.bedpe
F2	/mnt/sequence/jurban/bcop_v2_paper/hic/analyses/Bcop_v2/XO/q0/rerun-20240122/BcTPS-support/indiv/input/final-BcTPS-models.BcTPS-3.bed
WINDOWS	windows-w10000-around-final-BcTPS-models.BcTPS-3.bed
G	/mnt/sequence/jurban/base/data/sciara/phase/Bcop_v2.0/Bcop_v2.0_pkg/Bcop_v2.0.fasta.genome
PSEUDOCOUNT	1

