grablinksfrombed	
BED	/mnt/sequence/jurban/bcop_v2_paper/hic/analyses/Bcop_v2/XO/q0/rerun-20240122/conserved_fly_genes/indiv/springtails/input/08-CYP4722A1_2373.LOC119080018_2381.dist_33191-springtails.bed
BEDPE	/mnt/sequence/jurban/bcop_v2_paper/hic/analyses/Bcop_v2/XO/q0/rerun-20240122/XO-phasemap-q0.sameChr.bedpe
BINSIZE	100000
WINDOWS	windows-w100000-around-08-CYP4722A1_2373.LOC119080018_2381.dist_33191-springtails.bed
CHR	III
OSTART	52272394
OEND	52274775
BEDBASE	08-CYP4722A1_2373.LOC119080018_2381.dist_33191-springtails
BEDPEBASE	XO-phasemap-q0.sameChr
OUTPRE	08-CYP4722A1_2373.LOC119080018_2381.dist_33191-springtails_XO-phasemap-q0.sameChr
PSEUDOCOUNT	1

grablinks	
CHR	III
A	52272394
B	52274775
BEDPE	/mnt/sequence/jurban/bcop_v2_paper/hic/analyses/Bcop_v2/XO/q0/rerun-20240122/XO-phasemap-q0.sameChr.bedpe

get_count_dist_v3	
F	08-CYP4722A1_2373.LOC119080018_2381.dist_33191-springtails_XO-phasemap-q0.sameChr.bedpe
F2	/mnt/sequence/jurban/bcop_v2_paper/hic/analyses/Bcop_v2/XO/q0/rerun-20240122/conserved_fly_genes/indiv/springtails/input/08-CYP4722A1_2373.LOC119080018_2381.dist_33191-springtails.bed
WINDOWS	windows-w100000-around-08-CYP4722A1_2373.LOC119080018_2381.dist_33191-springtails.bed
G	/mnt/sequence/jurban/base/data/sciara/phase/Bcop_v2.0/Bcop_v2.0_pkg/Bcop_v2.0.fasta.genome
PSEUDOCOUNT	1
TARGETLEN	2381
TAGNAME	RP10KB
SCALE	10000

