grablinksfrombed	
BED	/mnt/sequence/jurban/bcop_v2_paper/hic/analyses/Bcop_v2/XO/q0/rerun-20240122/BcTPS-support/indiv/input/final-BcTPS-models.BcTPS-4.bed
BEDPE	/mnt/sequence/jurban/bcop_v2_paper/hic/analyses/Bcop_v2/XO/q0/rerun-20240122/XO-phasemap-q0.sameChr.bedpe
BINSIZE	1000000
WINDOWS	windows-w1000000-around-final-BcTPS-models.BcTPS-4.bed
CHR	III
OSTART	69320904
OEND	69331701
BEDBASE	final-BcTPS-models.BcTPS-4
BEDPEBASE	XO-phasemap-q0.sameChr
OUTPRE	final-BcTPS-models.BcTPS-4_XO-phasemap-q0.sameChr
PSEUDOCOUNT	1

grablinks	
CHR	III
A	69320904
B	69331701
BEDPE	/mnt/sequence/jurban/bcop_v2_paper/hic/analyses/Bcop_v2/XO/q0/rerun-20240122/XO-phasemap-q0.sameChr.bedpe

get_count_dist_v2	
F	final-BcTPS-models.BcTPS-4_XO-phasemap-q0.sameChr.bedpe
F2	/mnt/sequence/jurban/bcop_v2_paper/hic/analyses/Bcop_v2/XO/q0/rerun-20240122/BcTPS-support/indiv/input/final-BcTPS-models.BcTPS-4.bed
WINDOWS	windows-w1000000-around-final-BcTPS-models.BcTPS-4.bed
G	/mnt/sequence/jurban/base/data/sciara/phase/Bcop_v2.0/Bcop_v2.0_pkg/Bcop_v2.0.fasta.genome
PSEUDOCOUNT	1

