grablinksfrombed	
BED	/mnt/sequence/jurban/bcop_v2_paper/hic/analyses/Bcop_v2/XO/q0/rerun-20240122/conserved_fly_genes/indiv/springtails/input/11-CYP3710B1_2743.LOC119071062_2735.dist_2505549-springtails.bed
BEDPE	/mnt/sequence/jurban/bcop_v2_paper/hic/analyses/Bcop_v2/XO/q0/rerun-20240122/XO-phasemap-q0.sameChr.bedpe
BINSIZE	100000
WINDOWS	windows-w100000-around-11-CYP3710B1_2743.LOC119071062_2735.dist_2505549-springtails.bed
CHR	IV
OSTART	13100538
OEND	13103273
BEDBASE	11-CYP3710B1_2743.LOC119071062_2735.dist_2505549-springtails
BEDPEBASE	XO-phasemap-q0.sameChr
OUTPRE	11-CYP3710B1_2743.LOC119071062_2735.dist_2505549-springtails_XO-phasemap-q0.sameChr
PSEUDOCOUNT	1

grablinks	
CHR	IV
A	13100538
B	13103273
BEDPE	/mnt/sequence/jurban/bcop_v2_paper/hic/analyses/Bcop_v2/XO/q0/rerun-20240122/XO-phasemap-q0.sameChr.bedpe

get_count_dist_v3	
F	11-CYP3710B1_2743.LOC119071062_2735.dist_2505549-springtails_XO-phasemap-q0.sameChr.bedpe
F2	/mnt/sequence/jurban/bcop_v2_paper/hic/analyses/Bcop_v2/XO/q0/rerun-20240122/conserved_fly_genes/indiv/springtails/input/11-CYP3710B1_2743.LOC119071062_2735.dist_2505549-springtails.bed
WINDOWS	windows-w100000-around-11-CYP3710B1_2743.LOC119071062_2735.dist_2505549-springtails.bed
G	/mnt/sequence/jurban/base/data/sciara/phase/Bcop_v2.0/Bcop_v2.0_pkg/Bcop_v2.0.fasta.genome
PSEUDOCOUNT	1
TARGETLEN	2735
TAGNAME	RP10KB
SCALE	10000

