grablinksfrombed	
BED	/mnt/sequence/jurban/bcop_v2_paper/hic/analyses/Bcop_v2/XO/q0/rerun-20240122/conserved_fly_genes/indiv/springtails/input/09-CYP4717A1P_2087.LOC119079345_2078.dist_1728831-springtails.bed
BEDPE	/mnt/sequence/jurban/bcop_v2_paper/hic/analyses/Bcop_v2/XO/q0/rerun-20240122/XO-phasemap-q0.sameChr.bedpe
BINSIZE	100000
WINDOWS	windows-w100000-around-09-CYP4717A1P_2087.LOC119079345_2078.dist_1728831-springtails.bed
CHR	III
OSTART	58523419
OEND	58525497
BEDBASE	09-CYP4717A1P_2087.LOC119079345_2078.dist_1728831-springtails
BEDPEBASE	XO-phasemap-q0.sameChr
OUTPRE	09-CYP4717A1P_2087.LOC119079345_2078.dist_1728831-springtails_XO-phasemap-q0.sameChr
PSEUDOCOUNT	1

grablinks	
CHR	III
A	58523419
B	58525497
BEDPE	/mnt/sequence/jurban/bcop_v2_paper/hic/analyses/Bcop_v2/XO/q0/rerun-20240122/XO-phasemap-q0.sameChr.bedpe

get_count_dist_v3	
F	09-CYP4717A1P_2087.LOC119079345_2078.dist_1728831-springtails_XO-phasemap-q0.sameChr.bedpe
F2	/mnt/sequence/jurban/bcop_v2_paper/hic/analyses/Bcop_v2/XO/q0/rerun-20240122/conserved_fly_genes/indiv/springtails/input/09-CYP4717A1P_2087.LOC119079345_2078.dist_1728831-springtails.bed
WINDOWS	windows-w100000-around-09-CYP4717A1P_2087.LOC119079345_2078.dist_1728831-springtails.bed
G	/mnt/sequence/jurban/base/data/sciara/phase/Bcop_v2.0/Bcop_v2.0_pkg/Bcop_v2.0.fasta.genome
PSEUDOCOUNT	1
TARGETLEN	2078
TAGNAME	RP10KB
SCALE	10000

