grablinksfrombed	
BED	/mnt/sequence/jurban/bcop_v2_paper/hic/analyses/Bcop_v2/XO/q0/rerun-20240122/conserved_fly_genes/indiv/mites/input/07-CYP4719A1_2041.LOC119071116_2024.dist_1271030-mites.bed
BEDPE	/mnt/sequence/jurban/bcop_v2_paper/hic/analyses/Bcop_v2/XO/q0/rerun-20240122/XO-phasemap-q0.sameChr.bedpe
BINSIZE	100000
WINDOWS	windows-w100000-around-07-CYP4719A1_2041.LOC119071116_2024.dist_1271030-mites.bed
CHR	IV
OSTART	67197832
OEND	67199856
BEDBASE	07-CYP4719A1_2041.LOC119071116_2024.dist_1271030-mites
BEDPEBASE	XO-phasemap-q0.sameChr
OUTPRE	07-CYP4719A1_2041.LOC119071116_2024.dist_1271030-mites_XO-phasemap-q0.sameChr
PSEUDOCOUNT	1

grablinks	
CHR	IV
A	67197832
B	67199856
BEDPE	/mnt/sequence/jurban/bcop_v2_paper/hic/analyses/Bcop_v2/XO/q0/rerun-20240122/XO-phasemap-q0.sameChr.bedpe

get_count_dist_v3	
F	07-CYP4719A1_2041.LOC119071116_2024.dist_1271030-mites_XO-phasemap-q0.sameChr.bedpe
F2	/mnt/sequence/jurban/bcop_v2_paper/hic/analyses/Bcop_v2/XO/q0/rerun-20240122/conserved_fly_genes/indiv/mites/input/07-CYP4719A1_2041.LOC119071116_2024.dist_1271030-mites.bed
WINDOWS	windows-w100000-around-07-CYP4719A1_2041.LOC119071116_2024.dist_1271030-mites.bed
G	/mnt/sequence/jurban/base/data/sciara/phase/Bcop_v2.0/Bcop_v2.0_pkg/Bcop_v2.0.fasta.genome
PSEUDOCOUNT	1
TARGETLEN	2024
TAGNAME	RP10KB
SCALE	10000

