grablinksfrombed	
BED	/mnt/sequence/jurban/bcop_v2_paper/hic/analyses/Bcop_v2/XO/q0/rerun-20240122/p450-support/indiv/mites/input/09-CYP4714A2-mites.bed
BEDPE	/mnt/sequence/jurban/bcop_v2_paper/hic/analyses/Bcop_v2/XO/q0/rerun-20240122/XO-phasemap-q0.sameChr.bedpe
BINSIZE	100000
WINDOWS	windows-w100000-around-09-CYP4714A2-mites.bed
CHR	X
OSTART	41814114
OEND	41815915
BEDBASE	09-CYP4714A2-mites
BEDPEBASE	XO-phasemap-q0.sameChr
OUTPRE	09-CYP4714A2-mites_XO-phasemap-q0.sameChr
PSEUDOCOUNT	1

grablinks	
CHR	X
A	41814114
B	41815915
BEDPE	/mnt/sequence/jurban/bcop_v2_paper/hic/analyses/Bcop_v2/XO/q0/rerun-20240122/XO-phasemap-q0.sameChr.bedpe

get_count_dist_v3	
F	09-CYP4714A2-mites_XO-phasemap-q0.sameChr.bedpe
F2	/mnt/sequence/jurban/bcop_v2_paper/hic/analyses/Bcop_v2/XO/q0/rerun-20240122/p450-support/indiv/mites/input/09-CYP4714A2-mites.bed
WINDOWS	windows-w100000-around-09-CYP4714A2-mites.bed
G	/mnt/sequence/jurban/base/data/sciara/phase/Bcop_v2.0/Bcop_v2.0_pkg/Bcop_v2.0.fasta.genome
PSEUDOCOUNT	1
TARGETLEN	1801
TAGNAME	RP10KB
SCALE	10000

