grablinksfrombed	
BED	/mnt/sequence/jurban/bcop_v2_paper/hic/analyses/Bcop_v2/XO/q0/rerun-20240122/conserved_fly_genes/indiv/springtails/input/13-CYP4721A2_2367.LOC119078731_2346.dist_5808917-springtails.bed
BEDPE	/mnt/sequence/jurban/bcop_v2_paper/hic/analyses/Bcop_v2/XO/q0/rerun-20240122/XO-phasemap-q0.sameChr.bedpe
BINSIZE	100000
WINDOWS	windows-w100000-around-13-CYP4721A2_2367.LOC119078731_2346.dist_5808917-springtails.bed
CHR	IV
OSTART	18945303
OEND	18947649
BEDBASE	13-CYP4721A2_2367.LOC119078731_2346.dist_5808917-springtails
BEDPEBASE	XO-phasemap-q0.sameChr
OUTPRE	13-CYP4721A2_2367.LOC119078731_2346.dist_5808917-springtails_XO-phasemap-q0.sameChr
PSEUDOCOUNT	1

grablinks	
CHR	IV
A	18945303
B	18947649
BEDPE	/mnt/sequence/jurban/bcop_v2_paper/hic/analyses/Bcop_v2/XO/q0/rerun-20240122/XO-phasemap-q0.sameChr.bedpe

get_count_dist_v3	
F	13-CYP4721A2_2367.LOC119078731_2346.dist_5808917-springtails_XO-phasemap-q0.sameChr.bedpe
F2	/mnt/sequence/jurban/bcop_v2_paper/hic/analyses/Bcop_v2/XO/q0/rerun-20240122/conserved_fly_genes/indiv/springtails/input/13-CYP4721A2_2367.LOC119078731_2346.dist_5808917-springtails.bed
WINDOWS	windows-w100000-around-13-CYP4721A2_2367.LOC119078731_2346.dist_5808917-springtails.bed
G	/mnt/sequence/jurban/base/data/sciara/phase/Bcop_v2.0/Bcop_v2.0_pkg/Bcop_v2.0.fasta.genome
PSEUDOCOUNT	1
TARGETLEN	2346
TAGNAME	RP10KB
SCALE	10000

