grablinksfrombed	
BED	/mnt/sequence/jurban/bcop_v2_paper/hic/analyses/Bcop_v2/XO/q0/rerun-20240122/conserved_fly_genes/indiv/springtails/input/01-CYP3718B1_3006.LOC119074945_3035.dist_2574533-springtails.bed
BEDPE	/mnt/sequence/jurban/bcop_v2_paper/hic/analyses/Bcop_v2/XO/q0/rerun-20240122/XO-phasemap-q0.sameChr.bedpe
BINSIZE	100000
WINDOWS	windows-w100000-around-01-CYP3718B1_3006.LOC119074945_3035.dist_2574533-springtails.bed
CHR	II
OSTART	4429802
OEND	4432837
BEDBASE	01-CYP3718B1_3006.LOC119074945_3035.dist_2574533-springtails
BEDPEBASE	XO-phasemap-q0.sameChr
OUTPRE	01-CYP3718B1_3006.LOC119074945_3035.dist_2574533-springtails_XO-phasemap-q0.sameChr
PSEUDOCOUNT	1

grablinks	
CHR	II
A	4429802
B	4432837
BEDPE	/mnt/sequence/jurban/bcop_v2_paper/hic/analyses/Bcop_v2/XO/q0/rerun-20240122/XO-phasemap-q0.sameChr.bedpe

get_count_dist_v3	
F	01-CYP3718B1_3006.LOC119074945_3035.dist_2574533-springtails_XO-phasemap-q0.sameChr.bedpe
F2	/mnt/sequence/jurban/bcop_v2_paper/hic/analyses/Bcop_v2/XO/q0/rerun-20240122/conserved_fly_genes/indiv/springtails/input/01-CYP3718B1_3006.LOC119074945_3035.dist_2574533-springtails.bed
WINDOWS	windows-w100000-around-01-CYP3718B1_3006.LOC119074945_3035.dist_2574533-springtails.bed
G	/mnt/sequence/jurban/base/data/sciara/phase/Bcop_v2.0/Bcop_v2.0_pkg/Bcop_v2.0.fasta.genome
PSEUDOCOUNT	1
TARGETLEN	3035
TAGNAME	RP10KB
SCALE	10000

