grablinksfrombed	
BED	/mnt/sequence/jurban/bcop_v2_paper/hic/analyses/Bcop_v2/XO/q0/rerun-20240122/p450-support/indiv/springtails/input/03-CYP3828A1-springtails.bed
BEDPE	/mnt/sequence/jurban/bcop_v2_paper/hic/analyses/Bcop_v2/XO/q0/rerun-20240122/XO-phasemap-q0.sameChr.bedpe
BINSIZE	100000
WINDOWS	windows-w100000-around-03-CYP3828A1-springtails.bed
CHR	II
OSTART	38298022
OEND	38299927
BEDBASE	03-CYP3828A1-springtails
BEDPEBASE	XO-phasemap-q0.sameChr
OUTPRE	03-CYP3828A1-springtails_XO-phasemap-q0.sameChr
PSEUDOCOUNT	1

grablinks	
CHR	II
A	38298022
B	38299927
BEDPE	/mnt/sequence/jurban/bcop_v2_paper/hic/analyses/Bcop_v2/XO/q0/rerun-20240122/XO-phasemap-q0.sameChr.bedpe

get_count_dist_v3	
F	03-CYP3828A1-springtails_XO-phasemap-q0.sameChr.bedpe
F2	/mnt/sequence/jurban/bcop_v2_paper/hic/analyses/Bcop_v2/XO/q0/rerun-20240122/p450-support/indiv/springtails/input/03-CYP3828A1-springtails.bed
WINDOWS	windows-w100000-around-03-CYP3828A1-springtails.bed
G	/mnt/sequence/jurban/base/data/sciara/phase/Bcop_v2.0/Bcop_v2.0_pkg/Bcop_v2.0.fasta.genome
PSEUDOCOUNT	1
TARGETLEN	1905
TAGNAME	RP10KB
SCALE	10000

