grablinksfrombed	
BED	/mnt/sequence/jurban/bcop_v2_paper/hic/analyses/Bcop_v2/XO/q0/rerun-20240122/p450-support/indiv/mites/input/03-CYP4714A1-mites.bed
BEDPE	/mnt/sequence/jurban/bcop_v2_paper/hic/analyses/Bcop_v2/XO/q0/rerun-20240122/XO-phasemap-q0.sameChr.bedpe
BINSIZE	100000
WINDOWS	windows-w100000-around-03-CYP4714A1-mites.bed
CHR	II
OSTART	33399298
OEND	33402289
BEDBASE	03-CYP4714A1-mites
BEDPEBASE	XO-phasemap-q0.sameChr
OUTPRE	03-CYP4714A1-mites_XO-phasemap-q0.sameChr
PSEUDOCOUNT	1

grablinks	
CHR	II
A	33399298
B	33402289
BEDPE	/mnt/sequence/jurban/bcop_v2_paper/hic/analyses/Bcop_v2/XO/q0/rerun-20240122/XO-phasemap-q0.sameChr.bedpe

get_count_dist_v3	
F	03-CYP4714A1-mites_XO-phasemap-q0.sameChr.bedpe
F2	/mnt/sequence/jurban/bcop_v2_paper/hic/analyses/Bcop_v2/XO/q0/rerun-20240122/p450-support/indiv/mites/input/03-CYP4714A1-mites.bed
WINDOWS	windows-w100000-around-03-CYP4714A1-mites.bed
G	/mnt/sequence/jurban/base/data/sciara/phase/Bcop_v2.0/Bcop_v2.0_pkg/Bcop_v2.0.fasta.genome
PSEUDOCOUNT	1
TARGETLEN	2991
TAGNAME	RP10KB
SCALE	10000

