grablinksfrombed	
BED	/mnt/sequence/jurban/bcop_v2_paper/hic/analyses/Bcop_v2/XO/q0/rerun-20240122/p450-support/indiv/fungi/input/01-CYP53A57-fungi.bed
BEDPE	/mnt/sequence/jurban/bcop_v2_paper/hic/analyses/Bcop_v2/XO/q0/rerun-20240122/XO-phasemap-q0.sameChr.bedpe
BINSIZE	100000
WINDOWS	windows-w100000-around-01-CYP53A57-fungi.bed
CHR	IV
OSTART	28408885
OEND	28411082
BEDBASE	01-CYP53A57-fungi
BEDPEBASE	XO-phasemap-q0.sameChr
OUTPRE	01-CYP53A57-fungi_XO-phasemap-q0.sameChr
PSEUDOCOUNT	1

grablinks	
CHR	IV
A	28408885
B	28411082
BEDPE	/mnt/sequence/jurban/bcop_v2_paper/hic/analyses/Bcop_v2/XO/q0/rerun-20240122/XO-phasemap-q0.sameChr.bedpe

get_count_dist_v3	
F	01-CYP53A57-fungi_XO-phasemap-q0.sameChr.bedpe
F2	/mnt/sequence/jurban/bcop_v2_paper/hic/analyses/Bcop_v2/XO/q0/rerun-20240122/p450-support/indiv/fungi/input/01-CYP53A57-fungi.bed
WINDOWS	windows-w100000-around-01-CYP53A57-fungi.bed
G	/mnt/sequence/jurban/base/data/sciara/phase/Bcop_v2.0/Bcop_v2.0_pkg/Bcop_v2.0.fasta.genome
PSEUDOCOUNT	1
TARGETLEN	2197
TAGNAME	RP10KB
SCALE	10000

