grablinksfrombed	
BED	/mnt/sequence/jurban/bcop_v2_paper/hic/analyses/Bcop_v2/XO/q0/rerun-20240122/conserved_fly_genes/indiv/springtails/input/07-CYP3715C1_1970.LOC119081480_1954.dist_862531-springtails.bed
BEDPE	/mnt/sequence/jurban/bcop_v2_paper/hic/analyses/Bcop_v2/XO/q0/rerun-20240122/XO-phasemap-q0.sameChr.bedpe
BINSIZE	100000
WINDOWS	windows-w100000-around-07-CYP3715C1_1970.LOC119081480_1954.dist_862531-springtails.bed
CHR	III
OSTART	30765420
OEND	30767374
BEDBASE	07-CYP3715C1_1970.LOC119081480_1954.dist_862531-springtails
BEDPEBASE	XO-phasemap-q0.sameChr
OUTPRE	07-CYP3715C1_1970.LOC119081480_1954.dist_862531-springtails_XO-phasemap-q0.sameChr
PSEUDOCOUNT	1

grablinks	
CHR	III
A	30765420
B	30767374
BEDPE	/mnt/sequence/jurban/bcop_v2_paper/hic/analyses/Bcop_v2/XO/q0/rerun-20240122/XO-phasemap-q0.sameChr.bedpe

get_count_dist_v3	
F	07-CYP3715C1_1970.LOC119081480_1954.dist_862531-springtails_XO-phasemap-q0.sameChr.bedpe
F2	/mnt/sequence/jurban/bcop_v2_paper/hic/analyses/Bcop_v2/XO/q0/rerun-20240122/conserved_fly_genes/indiv/springtails/input/07-CYP3715C1_1970.LOC119081480_1954.dist_862531-springtails.bed
WINDOWS	windows-w100000-around-07-CYP3715C1_1970.LOC119081480_1954.dist_862531-springtails.bed
G	/mnt/sequence/jurban/base/data/sciara/phase/Bcop_v2.0/Bcop_v2.0_pkg/Bcop_v2.0.fasta.genome
PSEUDOCOUNT	1
TARGETLEN	1954
TAGNAME	RP10KB
SCALE	10000

