grablinksfrombed	
BED	/mnt/sequence/jurban/bcop_v2_paper/hic/analyses/Bcop_v2/XO/q0/rerun-20240122/conserved_fly_genes/indiv/springtails/input/04-CYP3356A1_3210.LOC119084082_3199.dist_1172063-springtails.bed
BEDPE	/mnt/sequence/jurban/bcop_v2_paper/hic/analyses/Bcop_v2/XO/q0/rerun-20240122/XO-phasemap-q0.sameChr.bedpe
BINSIZE	100000
WINDOWS	windows-w100000-around-04-CYP3356A1_3210.LOC119084082_3199.dist_1172063-springtails.bed
CHR	II
OSTART	39608140
OEND	39611339
BEDBASE	04-CYP3356A1_3210.LOC119084082_3199.dist_1172063-springtails
BEDPEBASE	XO-phasemap-q0.sameChr
OUTPRE	04-CYP3356A1_3210.LOC119084082_3199.dist_1172063-springtails_XO-phasemap-q0.sameChr
PSEUDOCOUNT	1

grablinks	
CHR	II
A	39608140
B	39611339
BEDPE	/mnt/sequence/jurban/bcop_v2_paper/hic/analyses/Bcop_v2/XO/q0/rerun-20240122/XO-phasemap-q0.sameChr.bedpe

get_count_dist_v3	
F	04-CYP3356A1_3210.LOC119084082_3199.dist_1172063-springtails_XO-phasemap-q0.sameChr.bedpe
F2	/mnt/sequence/jurban/bcop_v2_paper/hic/analyses/Bcop_v2/XO/q0/rerun-20240122/conserved_fly_genes/indiv/springtails/input/04-CYP3356A1_3210.LOC119084082_3199.dist_1172063-springtails.bed
WINDOWS	windows-w100000-around-04-CYP3356A1_3210.LOC119084082_3199.dist_1172063-springtails.bed
G	/mnt/sequence/jurban/base/data/sciara/phase/Bcop_v2.0/Bcop_v2.0_pkg/Bcop_v2.0.fasta.genome
PSEUDOCOUNT	1
TARGETLEN	3199
TAGNAME	RP10KB
SCALE	10000

