grablinksfrombed	
BED	/mnt/sequence/jurban/bcop_v2_paper/hic/analyses/Bcop_v2/XO/q0/rerun-20240122/p450-support/indiv/springtails/input/06-CYP4721A4-springtails.bed
BEDPE	/mnt/sequence/jurban/bcop_v2_paper/hic/analyses/Bcop_v2/XO/q0/rerun-20240122/XO-phasemap-q0.sameChr.bedpe
BINSIZE	100000
WINDOWS	windows-w100000-around-06-CYP4721A4-springtails.bed
CHR	III
OSTART	26238734
OEND	26241328
BEDBASE	06-CYP4721A4-springtails
BEDPEBASE	XO-phasemap-q0.sameChr
OUTPRE	06-CYP4721A4-springtails_XO-phasemap-q0.sameChr
PSEUDOCOUNT	1

grablinks	
CHR	III
A	26238734
B	26241328
BEDPE	/mnt/sequence/jurban/bcop_v2_paper/hic/analyses/Bcop_v2/XO/q0/rerun-20240122/XO-phasemap-q0.sameChr.bedpe

get_count_dist_v3	
F	06-CYP4721A4-springtails_XO-phasemap-q0.sameChr.bedpe
F2	/mnt/sequence/jurban/bcop_v2_paper/hic/analyses/Bcop_v2/XO/q0/rerun-20240122/p450-support/indiv/springtails/input/06-CYP4721A4-springtails.bed
WINDOWS	windows-w100000-around-06-CYP4721A4-springtails.bed
G	/mnt/sequence/jurban/base/data/sciara/phase/Bcop_v2.0/Bcop_v2.0_pkg/Bcop_v2.0.fasta.genome
PSEUDOCOUNT	1
TARGETLEN	2594
TAGNAME	RP10KB
SCALE	10000

