grablinksfrombed	
BED	/mnt/sequence/jurban/bcop_v2_paper/hic/analyses/Bcop_v2/XO/q0/rerun-20240122/conserved_fly_genes/indiv/springtails/input/17-CYP4721A3_2433.LOC119085288_2418.dist_1438280-springtails.bed
BEDPE	/mnt/sequence/jurban/bcop_v2_paper/hic/analyses/Bcop_v2/XO/q0/rerun-20240122/XO-phasemap-q0.sameChr.bedpe
BINSIZE	100000
WINDOWS	windows-w100000-around-17-CYP4721A3_2433.LOC119085288_2418.dist_1438280-springtails.bed
CHR	X
OSTART	52464126
OEND	52466544
BEDBASE	17-CYP4721A3_2433.LOC119085288_2418.dist_1438280-springtails
BEDPEBASE	XO-phasemap-q0.sameChr
OUTPRE	17-CYP4721A3_2433.LOC119085288_2418.dist_1438280-springtails_XO-phasemap-q0.sameChr
PSEUDOCOUNT	1

grablinks	
CHR	X
A	52464126
B	52466544
BEDPE	/mnt/sequence/jurban/bcop_v2_paper/hic/analyses/Bcop_v2/XO/q0/rerun-20240122/XO-phasemap-q0.sameChr.bedpe

get_count_dist_v3	
F	17-CYP4721A3_2433.LOC119085288_2418.dist_1438280-springtails_XO-phasemap-q0.sameChr.bedpe
F2	/mnt/sequence/jurban/bcop_v2_paper/hic/analyses/Bcop_v2/XO/q0/rerun-20240122/conserved_fly_genes/indiv/springtails/input/17-CYP4721A3_2433.LOC119085288_2418.dist_1438280-springtails.bed
WINDOWS	windows-w100000-around-17-CYP4721A3_2433.LOC119085288_2418.dist_1438280-springtails.bed
G	/mnt/sequence/jurban/base/data/sciara/phase/Bcop_v2.0/Bcop_v2.0_pkg/Bcop_v2.0.fasta.genome
PSEUDOCOUNT	1
TARGETLEN	2418
TAGNAME	RP10KB
SCALE	10000

