grablinksfrombed	
BED	/mnt/sequence/jurban/bcop_v2_paper/hic/analyses/Bcop_v2/XO/q0/rerun-20240122/conserved_fly_genes/indiv/springtails/input/12-CYP4721A1_2379.LOC119070882_2365.dist_9448298-springtails.bed
BEDPE	/mnt/sequence/jurban/bcop_v2_paper/hic/analyses/Bcop_v2/XO/q0/rerun-20240122/XO-phasemap-q0.sameChr.bedpe
BINSIZE	100000
WINDOWS	windows-w100000-around-12-CYP4721A1_2379.LOC119070882_2365.dist_9448298-springtails.bed
CHR	IV
OSTART	15299410
OEND	15301775
BEDBASE	12-CYP4721A1_2379.LOC119070882_2365.dist_9448298-springtails
BEDPEBASE	XO-phasemap-q0.sameChr
OUTPRE	12-CYP4721A1_2379.LOC119070882_2365.dist_9448298-springtails_XO-phasemap-q0.sameChr
PSEUDOCOUNT	1

grablinks	
CHR	IV
A	15299410
B	15301775
BEDPE	/mnt/sequence/jurban/bcop_v2_paper/hic/analyses/Bcop_v2/XO/q0/rerun-20240122/XO-phasemap-q0.sameChr.bedpe

get_count_dist_v3	
F	12-CYP4721A1_2379.LOC119070882_2365.dist_9448298-springtails_XO-phasemap-q0.sameChr.bedpe
F2	/mnt/sequence/jurban/bcop_v2_paper/hic/analyses/Bcop_v2/XO/q0/rerun-20240122/conserved_fly_genes/indiv/springtails/input/12-CYP4721A1_2379.LOC119070882_2365.dist_9448298-springtails.bed
WINDOWS	windows-w100000-around-12-CYP4721A1_2379.LOC119070882_2365.dist_9448298-springtails.bed
G	/mnt/sequence/jurban/base/data/sciara/phase/Bcop_v2.0/Bcop_v2.0_pkg/Bcop_v2.0.fasta.genome
PSEUDOCOUNT	1
TARGETLEN	2365
TAGNAME	RP10KB
SCALE	10000

