grablinksfrombed	
BED	/mnt/sequence/jurban/bcop_v2_paper/hic/analyses/Bcop_v2/XO/q0/rerun-20240122/conserved_fly_genes/indiv/springtails/input/05-CYP4724A1_7800.LOC119083072_7723.dist_19467051-springtails.bed
BEDPE	/mnt/sequence/jurban/bcop_v2_paper/hic/analyses/Bcop_v2/XO/q0/rerun-20240122/XO-phasemap-q0.sameChr.bedpe
BINSIZE	100000
WINDOWS	windows-w100000-around-05-CYP4724A1_7800.LOC119083072_7723.dist_19467051-springtails.bed
CHR	III
OSTART	29372794
OEND	29380517
BEDBASE	05-CYP4724A1_7800.LOC119083072_7723.dist_19467051-springtails
BEDPEBASE	XO-phasemap-q0.sameChr
OUTPRE	05-CYP4724A1_7800.LOC119083072_7723.dist_19467051-springtails_XO-phasemap-q0.sameChr
PSEUDOCOUNT	1

grablinks	
CHR	III
A	29372794
B	29380517
BEDPE	/mnt/sequence/jurban/bcop_v2_paper/hic/analyses/Bcop_v2/XO/q0/rerun-20240122/XO-phasemap-q0.sameChr.bedpe

get_count_dist_v3	
F	05-CYP4724A1_7800.LOC119083072_7723.dist_19467051-springtails_XO-phasemap-q0.sameChr.bedpe
F2	/mnt/sequence/jurban/bcop_v2_paper/hic/analyses/Bcop_v2/XO/q0/rerun-20240122/conserved_fly_genes/indiv/springtails/input/05-CYP4724A1_7800.LOC119083072_7723.dist_19467051-springtails.bed
WINDOWS	windows-w100000-around-05-CYP4724A1_7800.LOC119083072_7723.dist_19467051-springtails.bed
G	/mnt/sequence/jurban/base/data/sciara/phase/Bcop_v2.0/Bcop_v2.0_pkg/Bcop_v2.0.fasta.genome
PSEUDOCOUNT	1
TARGETLEN	7723
TAGNAME	RP10KB
SCALE	10000

