grablinksfrombed	
BED	/mnt/sequence/jurban/bcop_v2_paper/hic/analyses/Bcop_v2/XO/q0/rerun-20240122/conserved_fly_genes/indiv/mites/input/05-CYP4716A3_1778.LOC119079798_1767.dist_6531273-mites.bed
BEDPE	/mnt/sequence/jurban/bcop_v2_paper/hic/analyses/Bcop_v2/XO/q0/rerun-20240122/XO-phasemap-q0.sameChr.bedpe
BINSIZE	100000
WINDOWS	windows-w100000-around-05-CYP4716A3_1778.LOC119079798_1767.dist_6531273-mites.bed
CHR	III
OSTART	60282787
OEND	60284554
BEDBASE	05-CYP4716A3_1778.LOC119079798_1767.dist_6531273-mites
BEDPEBASE	XO-phasemap-q0.sameChr
OUTPRE	05-CYP4716A3_1778.LOC119079798_1767.dist_6531273-mites_XO-phasemap-q0.sameChr
PSEUDOCOUNT	1

grablinks	
CHR	III
A	60282787
B	60284554
BEDPE	/mnt/sequence/jurban/bcop_v2_paper/hic/analyses/Bcop_v2/XO/q0/rerun-20240122/XO-phasemap-q0.sameChr.bedpe

get_count_dist_v3	
F	05-CYP4716A3_1778.LOC119079798_1767.dist_6531273-mites_XO-phasemap-q0.sameChr.bedpe
F2	/mnt/sequence/jurban/bcop_v2_paper/hic/analyses/Bcop_v2/XO/q0/rerun-20240122/conserved_fly_genes/indiv/mites/input/05-CYP4716A3_1778.LOC119079798_1767.dist_6531273-mites.bed
WINDOWS	windows-w100000-around-05-CYP4716A3_1778.LOC119079798_1767.dist_6531273-mites.bed
G	/mnt/sequence/jurban/base/data/sciara/phase/Bcop_v2.0/Bcop_v2.0_pkg/Bcop_v2.0.fasta.genome
PSEUDOCOUNT	1
TARGETLEN	1767
TAGNAME	RP10KB
SCALE	10000

