grablinksfrombed	
BED	/mnt/sequence/jurban/bcop_v2_paper/hic/analyses/Bcop_v2/XO/q0/rerun-20240122/conserved_fly_genes/indiv/springtails/input/02-CYP3710C1_3019.LOC119074998_2997.dist_2491531-springtails.bed
BEDPE	/mnt/sequence/jurban/bcop_v2_paper/hic/analyses/Bcop_v2/XO/q0/rerun-20240122/XO-phasemap-q0.sameChr.bedpe
BINSIZE	100000
WINDOWS	windows-w100000-around-02-CYP3710C1_3019.LOC119074998_2997.dist_2491531-springtails.bed
CHR	II
OSTART	14194356
OEND	14197353
BEDBASE	02-CYP3710C1_3019.LOC119074998_2997.dist_2491531-springtails
BEDPEBASE	XO-phasemap-q0.sameChr
OUTPRE	02-CYP3710C1_3019.LOC119074998_2997.dist_2491531-springtails_XO-phasemap-q0.sameChr
PSEUDOCOUNT	1

grablinks	
CHR	II
A	14194356
B	14197353
BEDPE	/mnt/sequence/jurban/bcop_v2_paper/hic/analyses/Bcop_v2/XO/q0/rerun-20240122/XO-phasemap-q0.sameChr.bedpe

get_count_dist_v3	
F	02-CYP3710C1_3019.LOC119074998_2997.dist_2491531-springtails_XO-phasemap-q0.sameChr.bedpe
F2	/mnt/sequence/jurban/bcop_v2_paper/hic/analyses/Bcop_v2/XO/q0/rerun-20240122/conserved_fly_genes/indiv/springtails/input/02-CYP3710C1_3019.LOC119074998_2997.dist_2491531-springtails.bed
WINDOWS	windows-w100000-around-02-CYP3710C1_3019.LOC119074998_2997.dist_2491531-springtails.bed
G	/mnt/sequence/jurban/base/data/sciara/phase/Bcop_v2.0/Bcop_v2.0_pkg/Bcop_v2.0.fasta.genome
PSEUDOCOUNT	1
TARGETLEN	2997
TAGNAME	RP10KB
SCALE	10000

